0 info it worked if it ends with ok
1 verbose cli [ '/usr/local/bin/node', '/usr/local/bin/npm', 'publish' ]
2 info using npm@2.9.1
3 info using node@v0.12.3
4 verbose publish [ '.' ]
5 silly cache add args [ '.', null ]
6 verbose cache add spec .
7 silly cache add parsed spec { raw: '.',
7 silly cache add   scope: null,
7 silly cache add   name: null,
7 silly cache add   rawSpec: '.',
7 silly cache add   spec: '/home/rubertu/pigeon',
7 silly cache add   type: 'directory' }
8 verbose addLocalDirectory /root/.npm/pigeon/0.0.1/package.tgz not in flight; packing
9 verbose tar pack [ '/root/.npm/pigeon/0.0.1/package.tgz',
9 verbose tar pack   '/home/rubertu/pigeon' ]
10 verbose tarball /root/.npm/pigeon/0.0.1/package.tgz
11 verbose folder /home/rubertu/pigeon
12 info prepublish pigeon@0.0.1
13 verbose addLocalTarball adding from inside cache /root/.npm/pigeon/0.0.1/package.tgz
14 silly cache afterAdd pigeon@0.0.1
15 verbose afterAdd /root/.npm/pigeon/0.0.1/package/package.json not in flight; writing
16 verbose afterAdd /root/.npm/pigeon/0.0.1/package/package.json written
17 silly publish { name: 'pigeon',
17 silly publish   version: '0.0.1',
17 silly publish   description: 'web app for communication',
17 silly publish   main: 'app.js',
17 silly publish   scripts: { test: 'echo "Error: no test specified" && exit 1' },
17 silly publish   author: '',
17 silly publish   license: 'ISC',
17 silly publish   repository:
17 silly publish    { type: 'git',
17 silly publish      url: 'git+https://github.com/RobertoJudet/pigeon.git' },
17 silly publish   dependencies:
17 silly publish    { express: '^4.10',
17 silly publish      'express-stormpath': '^1.0',
17 silly publish      'socket.io': '^1.3' },
17 silly publish   bugs: { url: 'https://github.com/RobertoJudet/pigeon/issues' },
17 silly publish   readme: 'ERROR: No README data found!',
17 silly publish   homepage: 'https://github.com/RobertoJudet/pigeon#readme',
17 silly publish   _id: 'pigeon@0.0.1',
17 silly publish   _shasum: 'bd4a42a853b336bbbb70416007347a8ddbcb4f7a',
17 silly publish   _from: '.' }
18 verbose getPublishConfig undefined
19 silly mapToRegistry name pigeon
20 silly mapToRegistry using default registry
21 silly mapToRegistry registry https://registry.npmjs.org/
22 silly mapToRegistry uri https://registry.npmjs.org/pigeon
23 verbose publish registryBase https://registry.npmjs.org/
24 silly publish uploading /root/.npm/pigeon/0.0.1/package.tgz
25 verbose request uri https://registry.npmjs.org/pigeon
26 verbose request sending authorization for write operation
27 info attempt registry request try #1 at 15:47:22
28 verbose request using bearer token for auth
29 verbose request id c21d874ad51f41d9
30 http request PUT https://registry.npmjs.org/pigeon
31 http 404 https://registry.npmjs.org/pigeon
32 verbose headers { 'content-type': 'application/json',
32 verbose headers   'cache-control': 'max-age=0',
32 verbose headers   'content-length': '21',
32 verbose headers   'accept-ranges': 'bytes',
32 verbose headers   date: 'Thu, 21 May 2015 12:47:23 GMT',
32 verbose headers   via: '1.1 varnish',
32 verbose headers   connection: 'keep-alive',
32 verbose headers   'x-served-by': 'cache-ams4120-AMS',
32 verbose headers   'x-cache': 'MISS',
32 verbose headers   'x-cache-hits': '0',
32 verbose headers   'x-timer': 'S1432212442.738696,VS0,VE989' }
33 verbose request invalidating /root/.npm/registry.npmjs.org/pigeon on PUT
34 error publish Failed PUT 404
35 verbose stack Error: Not found : pigeon
35 verbose stack     at CachingRegistryClient.<anonymous> (/usr/local/lib/node_modules/npm/node_modules/npm-registry-client/lib/request.js:247:14)
35 verbose stack     at Request._callback (/usr/local/lib/node_modules/npm/node_modules/npm-registry-client/lib/request.js:170:14)
35 verbose stack     at Request.self.callback (/usr/local/lib/node_modules/npm/node_modules/request/request.js:368:22)
35 verbose stack     at Request.emit (events.js:110:17)
35 verbose stack     at Request.<anonymous> (/usr/local/lib/node_modules/npm/node_modules/request/request.js:1219:14)
35 verbose stack     at Request.emit (events.js:129:20)
35 verbose stack     at IncomingMessage.<anonymous> (/usr/local/lib/node_modules/npm/node_modules/request/request.js:1167:12)
35 verbose stack     at IncomingMessage.emit (events.js:129:20)
35 verbose stack     at _stream_readable.js:908:16
35 verbose stack     at process._tickCallback (node.js:355:11)
36 verbose statusCode 404
37 verbose pkgid pigeon
38 verbose cwd /home/rubertu/pigeon
39 error Linux 3.13.0-52-generic
40 error argv "/usr/local/bin/node" "/usr/local/bin/npm" "publish"
41 error node v0.12.3
42 error npm  v2.9.1
43 error code E404
44 error 404 Not found : pigeon
44 error 404
44 error 404 'pigeon' is not in the npm registry.
44 error 404 You should bug the author to publish it (or use the name yourself!)
44 error 404
44 error 404 Note that you can also install from a
44 error 404 tarball, folder, http url, or git url.
45 verbose exit [ 1, true ]
